build/app/outputs/mapping/release/seeds.txt
com.example.flutter_application_1.MainActivity
com.example.flutter_application_1.MainActivity: MainActivity()
...
com.google.android.gms.tasks.zza
kotlin.internal.jdk8.JDK8PlatformImplementations
com.applozic.mobicomkit.uiwidgets.conversation.richmessaging.models.v2.KmFormPayloadModel$7
com.google.android.gms.common.GooglePlayServicesIncorrectManifestValueException
com.google.android.recaptcha.internal.zzjb
com.google.android.recaptcha.internal.zzfi
com.applozic.mobicomkit.uiwidgets.conversation.fragment.MobiComConversationFragment$58
com.applozic.mobicommons.file.FileUtils$2
com.google.android.recaptcha.internal.zzms
com.applozic.mobicomkit.uiwidgets.conversation.adapter.QuickConversationAdapter$FooterViewHolder
com.google.android.recaptcha.internal.zzcq
com.applozic.mobicomkit.uiwidgets.conversation.fragment.MobiComQuickConversationFragment$10
com.google.firebase.messaging.FirebaseMessaging
com.google.android.play.core.integrity.n
io.kommunicate.utils.KmAppSettingPreferences
com.applozic.mobicomkit.sync.SyncUserBlockListFeed
com.applozic.mobicomkit.api.account.user.UserDetail
com.applozic.mobicomkit.uiwidgets.conversation.adapter.DetailedConversationAdapter$9
com.google.gson.internal.bind.TypeAdapters$17
com.google.android.gms.tasks.zzt
com.applozic.mobicomkit.uiwidgets.conversation.richmessaging.adapters.KmBookingRMAdapter$GuestCountHolder
com.google.gson.internal.$Gson$Types$ParameterizedTypeImpl
com.applozic.mobicomkit.api.conversation.MobiComConversationService$3
com.applozic.mobicomkit.api.conversation.MobiComConversationService$2
com.google.android.recaptcha.internal.zzd
com.applozic.mobicomkit.uiwidgets.conversation.KmCustomDialog$2
com.applozic.mobicomkit.uiwidgets.conversation.fragment.MobiComConversationFragment$56
com.applozic.mobicomkit.uiwidgets.kommunicate.animators.KmScaleAnimation
com.applozic.mobicomkit.api.people.ContactList
com.applozic.mobicomkit.uiwidgets.attachmentview.KmDocumentView$2$1
com.applozic.mobicomkit.feed.RegisteredUsersApiResponse
com.google.android.recaptcha.internal.zzfk
com.google.android.recaptcha.internal.zzbk
com.applozic.mobicomkit.contact.database.ContactDatabase
com.google.gson.ToNumberPolicy$4
android.support.v4.media.MediaBrowserCompat$MediaBrowserImplBase$MediaServiceConnection$2
com.applozic.mobicomkit.uiwidgets.kommunicate.views.KmRecyclerView
androidx.window.layout.EmptyDecorator
com.google.android.recaptcha.internal.zzcg
com.google.android.recaptcha.internal.zziz
android.support.v4.media.RatingCompat
com.applozic.mobicomkit.uiwidgets.R$plurals
com.applozic.mobicomkit.api.conversation.MobiComConversationService$5
androidx.window.layout.HardwareFoldingFeature$Type$Companion
com.google.android.recaptcha.internal.zzht
io.kommunicate.services.KmService$1
io.kommunicate.KmConversationHelper$11
io.kommunicate.kommunicate_flutter_plugin.R$attr
androidx.window.R$id
com.google.android.gms.tasks.zzb
io.kommunicate.callbacks.KmAwayMessageHandler
io.kommunicate.kommunicate_flutter_plugin.R$menu
com.google.android.gms.tasks.zzu
com.applozic.mobicomkit.uiwidgets.conversation.adapter.QuickConversationAdapter
com.google.android.recaptcha.internal.zzl
android.support.v4.media.MediaDescriptionCompat
io.kommunicate.KmConversationResponse$KmConversationResponseData
androidx.window.core.Bounds
com.applozic.mobicomkit.uiwidgets.conversation.fragment.MobiComQuickConversationFragment$DownloadConversation$1
com.google.android.gms.auth.api.credentials.Credential
com.google.android.recaptcha.internal.zzml
io.kommunicate.async.KMHelpDocsKeyTask
com.google.android.recaptcha.internal.zzid
com.google.android.recaptcha.internal.zzjl
com.google.android.gms.tasks.R
com.google.android.gms.location.LocationResult
com.applozic.mobicommons.json.AnnotationExclusionStrategy
com.applozic.mobicomkit.api.account.user.AlUserSearchTask
com.applozic.mobicomkit.listners.AlCallback
com.applozic.mobicomkit.uiwidgets.conversation.fragment.MobiComQuickConversationFragment$DownloadConversation$2
com.google.gson.JsonIOException
androidx.window.embedding.ExtensionEmbeddingBackend$SplitListenerWrapper