build/app/outputs/mapping/release/mapping.txt
# compiler: R8
# compiler_version: 3.2.47
# min_api: 21
# common_typos_disable
# {"id":"com.android.tools.r8.mapping","version":"2.0"}
# pg_map_id: cdd8527
# pg_map_hash: SHA-256 cdd852716d6a1b42ee53bf2cffe2b5c9436bc09632c1bcdd0f8d38404c65cec0
...
com.google.android.gms.common.internal.zzaf -> y2.d1:
    boolean zzh(com.google.android.gms.common.zzs,com.google.android.gms.dynamic.IObjectWrapper) -> E
    com.google.android.gms.common.zzq zzf(com.google.android.gms.common.zzo) -> V
    com.google.android.gms.common.zzq zze(com.google.android.gms.common.zzo) -> g0
com.google.android.gms.common.internal.zzag -> y2.e1:
    int zzd -> d
    java.lang.Object zza -> a
    java.lang.String zzc -> c
    boolean zzb -> b
    int zza(android.content.Context) -> a
    void zzc(android.content.Context) -> b
com.google.android.gms.common.internal.zzah -> y2.f1:
com.google.android.gms.common.internal.zzai -> y2.g1:
com.google.android.gms.common.internal.zzb -> y2.h1:
    com.google.android.gms.common.internal.BaseGmsClient zza -> a
    void zza(android.os.Message) -> a
    boolean zzb(android.os.Message) -> b
com.google.android.gms.common.internal.zzc -> y2.i1:
    java.lang.Object zza -> a
    boolean zzb -> b
    com.google.android.gms.common.internal.BaseGmsClient zzd -> c
    void zza(java.lang.Object) -> a
    void zzc() -> b
    void zze() -> c
    void zzf() -> d
    void zzg() -> e
com.google.android.gms.common.internal.zzd -> y2.j1:
    com.google.android.gms.common.internal.BaseGmsClient zza -> a
    int zzb -> b
    void onPostInitComplete(int,android.os.IBinder,android.os.Bundle) -> B0
    void zzc(int,android.os.IBinder,com.google.android.gms.common.internal.zzj) -> K
    void zzb(int,android.os.Bundle) -> a0
com.google.android.gms.common.internal.zze -> y2.k1:
    com.google.android.gms.common.internal.BaseGmsClient zza -> b
    int zzb -> a
com.google.android.gms.common.internal.zzf -> y2.l1:
    android.os.IBinder zze -> g
    com.google.android.gms.common.internal.BaseGmsClient zzf -> h
    void zzb(com.google.android.gms.common.ConnectionResult) -> f
    boolean zzd() -> g
com.google.android.gms.common.internal.zzg -> y2.m1:
    com.google.android.gms.common.internal.BaseGmsClient zze -> g
    void zzb(com.google.android.gms.common.ConnectionResult) -> f
    boolean zzd() -> g
com.google.android.gms.common.internal.zzj -> y2.n1:
    com.google.android.gms.common.Feature[] zzb -> b
    android.os.Bundle zza -> a
    com.google.android.gms.common.internal.ConnectionTelemetryConfiguration zzd -> r
    int zzc -> c
com.google.android.gms.common.internal.zzk -> y2.o1:
com.google.android.gms.common.internal.zzl -> y2.p1:
com.google.android.gms.common.internal.zzm -> y2.q1:
    void zza(com.google.android.gms.common.internal.GetServiceRequest,android.os.Parcel,int) -> a
com.google.android.gms.common.internal.zzn -> y2.r1:
    android.net.Uri zza -> f
    android.content.ComponentName zzd -> c
    boolean zzf -> e
    java.lang.String zzb -> a
    int zze -> d
    java.lang.String zzc -> b
    int zza() -> a
    android.content.ComponentName zzb() -> b
    android.content.Intent zzc(android.content.Context) -> c
    java.lang.String zzd() -> d
com.google.android.gms.common.internal.zzo -> y2.s1:
    java.util.Map zzb -> a
    android.os.IBinder zze -> d
    com.google.android.gms.common.internal.zzn zzf -> e
    int zzc -> b
    android.content.ComponentName zzg -> f
    boolean zzd -> c
    com.google.android.gms.common.internal.zzr zza -> g
    int zza() -> a
    android.content.ComponentName zzb() -> b
    android.os.IBinder zzc() -> c
    void zzd(android.content.ServiceConnection,android.content.ServiceConnection,java.lang.String) -> d
    void zze(java.lang.String,java.util.concurrent.Executor) -> e
    void zzf(android.content.ServiceConnection,java.lang.String) -> f
    void zzg(java.lang.String) -> g
    boolean zzh(android.content.ServiceConnection) -> h
    boolean zzi() -> i
    boolean zzj() -> j
com.google.android.gms.common.internal.zzp -> y2.t1:
com.google.android.gms.common.internal.zzq -> y2.u1:
    com.google.android.gms.common.internal.zzr zza -> a