build/app/outputs/mapping/release/usage.txt
com.example.flutter_application_1.BuildConfig
com.example.flutter_application_1.R$anim
com.example.flutter_application_1.R$animator
com.example.flutter_application_1.R$array
com.example.flutter_application_1.R$attr
com.example.flutter_application_1.R$bool
com.example.flutter_application_1.R$color
com.example.flutter_application_1.R$dimen
com.example.flutter_application_1.R$drawable
com.example.flutter_application_1.R$id
com.example.flutter_application_1.R$integer
com.example.flutter_application_1.R$interpolator
com.example.flutter_application_1.R$layout
com.example.flutter_application_1.R$menu
com.example.flutter_application_1.R$mipmap
com.example.flutter_application_1.R$plurals
com.example.flutter_application_1.R$raw
com.example.flutter_application_1.R$string
com.example.flutter_application_1.R$style
com.example.flutter_application_1.R$styleable
com.example.flutter_application_1.R$xml
com.example.flutter_application_1.R
...
androidx.media.AudioFocusRequestCompat$OnAudioFocusChangeListenerHandlerCompat
androidx.media.AudioFocusRequestCompat
androidx.media.AudioManagerCompat
androidx.media.MediaBrowserCompatUtils:
    private void <init>()
    public static boolean hasDuplicatedItems(android.os.Bundle,android.os.Bundle)
androidx.media.MediaBrowserProtocol
androidx.media.MediaBrowserServiceCompat$1
androidx.media.MediaBrowserServiceCompat$2
androidx.media.MediaBrowserServiceCompat$3
androidx.media.MediaBrowserServiceCompat$4
androidx.media.MediaBrowserServiceCompat$BrowserRoot
androidx.media.MediaBrowserServiceCompat$ConnectionRecord$1
androidx.media.MediaBrowserServiceCompat$ConnectionRecord
androidx.media.MediaBrowserServiceCompat$MediaBrowserServiceImpl
androidx.media.MediaBrowserServiceCompat$MediaBrowserServiceImplApi21$1
androidx.media.MediaBrowserServiceCompat$MediaBrowserServiceImplApi21$2
androidx.media.MediaBrowserServiceCompat$MediaBrowserServiceImplApi21$3
androidx.media.MediaBrowserServiceCompat$MediaBrowserServiceImplApi21$4
androidx.media.MediaBrowserServiceCompat$MediaBrowserServiceImplApi21$MediaBrowserServiceApi21
androidx.media.MediaBrowserServiceCompat$MediaBrowserServiceImplApi21
androidx.media.MediaBrowserServiceCompat$MediaBrowserServiceImplApi23$1
androidx.media.MediaBrowserServiceCompat$MediaBrowserServiceImplApi23$MediaBrowserServiceApi23
androidx.media.MediaBrowserServiceCompat$MediaBrowserServiceImplApi23
androidx.media.MediaBrowserServiceCompat$MediaBrowserServiceImplApi26$1
androidx.media.MediaBrowserServiceCompat$MediaBrowserServiceImplApi26$MediaBrowserServiceApi26
androidx.media.MediaBrowserServiceCompat$MediaBrowserServiceImplApi26
androidx.media.MediaBrowserServiceCompat$MediaBrowserServiceImplApi28
androidx.media.MediaBrowserServiceCompat$MediaBrowserServiceImplBase$1
androidx.media.MediaBrowserServiceCompat$MediaBrowserServiceImplBase$2
androidx.media.MediaBrowserServiceCompat$MediaBrowserServiceImplBase$3
androidx.media.MediaBrowserServiceCompat$MediaBrowserServiceImplBase
androidx.media.MediaBrowserServiceCompat$Result
androidx.media.MediaBrowserServiceCompat$ResultWrapper
androidx.media.MediaBrowserServiceCompat$ServiceBinderImpl$1
androidx.media.MediaBrowserServiceCompat$ServiceBinderImpl$2
androidx.media.MediaBrowserServiceCompat$ServiceBinderImpl$3
androidx.media.MediaBrowserServiceCompat$ServiceBinderImpl$4
androidx.media.MediaBrowserServiceCompat$ServiceBinderImpl$5
androidx.media.MediaBrowserServiceCompat$ServiceBinderImpl$6
androidx.media.MediaBrowserServiceCompat$ServiceBinderImpl$7
androidx.media.MediaBrowserServiceCompat$ServiceBinderImpl$8
androidx.media.MediaBrowserServiceCompat$ServiceBinderImpl$9
androidx.media.MediaBrowserServiceCompat$ServiceBinderImpl
androidx.media.MediaBrowserServiceCompat$ServiceCallbacks
androidx.media.MediaBrowserServiceCompat$ServiceCallbacksCompat
androidx.media.MediaBrowserServiceCompat$ServiceHandler
androidx.media.MediaBrowserServiceCompat
androidx.media.MediaSessionManager$MediaSessionManagerImpl
androidx.media.MediaSessionManager$RemoteUserInfo:
    public static final java.lang.String LEGACY_CONTROLLER
    public static final int UNKNOWN_PID
    public static final int UNKNOWN_UID
    public java.lang.String getPackageName()
    public int getPid()
    public int getUid()
androidx.media.MediaSessionManager$RemoteUserInfoImpl:
    public abstract java.lang.String getPackageName()
    public abstract int getPid()
    public abstract int getUid()
androidx.media.MediaSessionManager
androidx.media.MediaSessionManagerImplApi21
androidx.media.MediaSessionManagerImplApi28
androidx.media.MediaSessionManagerImplBase$RemoteUserInfoImplBase:
    public java.lang.String getPackageName()
    public int getPid()
    public int getUid()
androidx.media.MediaSessionManagerImplBase
androidx.media.R$attr
androidx.media.R$color
androidx.media.R$dimen
androidx.media.R$drawable